<html>
<head>
<title>TestNG:  ServiceNowTests</title>
<link href="../testng.css" rel="stylesheet" type="text/css" />
<link href="../my-testng.css" rel="stylesheet" type="text/css" />

<style type="text/css">
.log { display: none;} 
.stack-trace { display: none;} 
</style>
<script type="text/javascript">
<!--
function flip(e) {
  current = e.style.display;
  if (current == 'block') {
    e.style.display = 'none';
    return 0;
  }
  else {
    e.style.display = 'block';
    return 1;
  }
}

function toggleBox(szDivId, elem, msg1, msg2)
{
  var res = -1;  if (document.getElementById) {
    res = flip(document.getElementById(szDivId));
  }
  else if (document.all) {
    // this is the way old msie versions work
    res = flip(document.all[szDivId]);
  }
  if(elem) {
    if(res == 0) elem.innerHTML = msg1; else elem.innerHTML = msg2;
  }

}

function toggleAllBoxes() {
  if (document.getElementsByTagName) {
    d = document.getElementsByTagName('div');
    for (i = 0; i < d.length; i++) {
      if (d[i].className == 'log') {
        flip(d[i]);
      }
    }
  }
}

// -->
</script>

</head>
<body>
<h2 align='center'>ServiceNowTests</h2><table border='1' align="center">
<tr>
<td>Tests passed/Failed/Skipped:</td><td>7/4/0</td>
</tr><tr>
<td>Started on:</td><td>Sat May 02 16:18:28 IST 2020</td>
</tr>
<tr><td>Total time:</td><td>407 seconds (407228 ms)</td>
</tr><tr>
<td>Included groups:</td><td></td>
</tr><tr>
<td>Excluded groups:</td><td></td>
</tr>
</table><p/>
<small><i>(Hover the method name to see the test class name)</i></small><p/>
<table width='100%' border='1' class='invocation-failed'>
<tr><td colspan='4' align='center'><b>FAILED TESTS</b></td></tr>
<tr><td><b>Test method</b></td>
<td width="30%"><b>Exception</b></td>
<td width="10%"><b>Time (seconds)</b></td>
<td><b>Instance</b></td>
</tr>
<tr>
<td title='com.openmrs.tests.RegisterPatientTest.T_004_ConfirmPatientRegisteredUsingPatientID()'><b>T_004_ConfirmPatientRegisteredUsingPatientID</b><br>Test class: com.openmrs.tests.RegisterPatientTest<br>Test method: Confirm patient registered using Patient ID<br>Parameters: {Year=1996.0, FamilyName=User, Month=June, Address=India, Pulse=Systolic, GivenName=Automation, ExpectedResult=Successful, Day=30.0, Gender=Male, Browser=Temperature}, public void com.openmrs.tests.RegisterPatientTest.T_004_ConfirmPatientRegisteredUsingPatientID(java.util.Hashtable,java.lang.reflect.Method,org.testng.ITestContext), org.testng.TestRunner@a011a27</td>
<td><div><pre>java.lang.NullPointerException
	at com.openmrs.utils.TestUtils.validateRunMode(TestUtils.java:63)
	at com.openmrs.tests.RegisterPatientTest.T_004_ConfirmPatientRegisteredUsingPatientID(RegisterPatientTest.java:74)
	at java.base/java.util.concurrent.FutureTask.run(FutureTask.java:264)
	at java.base/java.util.concurrent.Executors$RunnableAdapter.call(Executors.java:515)
	at java.base/java.util.concurrent.FutureTask.run(FutureTask.java:264)
	at java.base/java.util.concurrent.ThreadPoolExecutor.runWorker(ThreadPoolExecutor.java:1128)
	at java.base/java.util.concurrent.ThreadPoolExecutor$Worker.run(ThreadPoolExecutor.java:628)
	at java.base/java.lang.Thread.run(Thread.java:830)
... Removed 9 stack frames</pre></div><a href='#' onClick='toggleBox("stack-trace406749219", this, "Click to show all stack frames", "Click to hide stack frames")'>Click to show all stack frames</a>
<div class='stack-trace' id='stack-trace406749219'><pre>java.lang.NullPointerException
	at com.openmrs.utils.TestUtils.validateRunMode(TestUtils.java:63)
	at com.openmrs.tests.RegisterPatientTest.T_004_ConfirmPatientRegisteredUsingPatientID(RegisterPatientTest.java:74)
	at java.base/jdk.internal.reflect.NativeMethodAccessorImpl.invoke0(Native Method)
	at java.base/jdk.internal.reflect.NativeMethodAccessorImpl.invoke(NativeMethodAccessorImpl.java:62)
	at java.base/jdk.internal.reflect.DelegatingMethodAccessorImpl.invoke(DelegatingMethodAccessorImpl.java:43)
	at java.base/java.lang.reflect.Method.invoke(Method.java:567)
	at org.testng.internal.MethodInvocationHelper.invokeMethod(MethodInvocationHelper.java:124)
	at org.testng.internal.Invoker.invokeMethod(Invoker.java:583)
	at org.testng.internal.Invoker.invokeTestMethod(Invoker.java:719)
	at org.testng.internal.TestMethodWithDataProviderMethodWorker.call(TestMethodWithDataProviderMethodWorker.java:71)
	at org.testng.internal.TestMethodWithDataProviderMethodWorker.call(TestMethodWithDataProviderMethodWorker.java:14)
	at java.base/java.util.concurrent.FutureTask.run(FutureTask.java:264)
	at java.base/java.util.concurrent.Executors$RunnableAdapter.call(Executors.java:515)
	at java.base/java.util.concurrent.FutureTask.run(FutureTask.java:264)
	at java.base/java.util.concurrent.ThreadPoolExecutor.runWorker(ThreadPoolExecutor.java:1128)
	at java.base/java.util.concurrent.ThreadPoolExecutor$Worker.run(ThreadPoolExecutor.java:628)
	at java.base/java.lang.Thread.run(Thread.java:830)
</pre></div></td>
<td>0</td>
<td>com.openmrs.tests.RegisterPatientTest@595b007d</td></tr>
<tr>
<td title='com.openmrs.tests.RegisterPatientTest.T_004_ConfirmPatientRegisteredUsingPatientID()'><b>T_004_ConfirmPatientRegisteredUsingPatientID</b><br>Test class: com.openmrs.tests.RegisterPatientTest<br>Test method: Confirm patient registered using Patient ID</td>
<td><div><pre>org.testng.TestNGException: java.util.concurrent.ExecutionException: java.lang.NullPointerException
	at java.base/java.util.concurrent.ThreadPoolExecutor.runWorker(ThreadPoolExecutor.java:1128)
	at java.base/java.util.concurrent.ThreadPoolExecutor$Worker.run(ThreadPoolExecutor.java:628)
	at java.base/java.lang.Thread.run(Thread.java:830)
Caused by: java.util.concurrent.ExecutionException: java.lang.NullPointerException
	at java.base/java.util.concurrent.FutureTask.report(FutureTask.java:122)
	at java.base/java.util.concurrent.FutureTask.get(FutureTask.java:191)
	... 6 more
Caused by: java.lang.NullPointerException
	at java.base/java.util.Hashtable.put(Hashtable.java:475)
	at com.openmrs.listeners.CustomListener.report(CustomListener.java:160)
	at com.openmrs.listeners.CustomListener.onTestFailure(CustomListener.java:65)
	at java.base/java.util.concurrent.FutureTask.run(FutureTask.java:264)
	at java.base/java.util.concurrent.Executors$RunnableAdapter.call(Executors.java:515)
	at java.base/java.util.concurrent.FutureTask.run(FutureTask.java:264)
	... 3 more
... Removed 11 stack frames</pre></div><a href='#' onClick='toggleBox("stack-trace192456457", this, "Click to show all stack frames", "Click to hide stack frames")'>Click to show all stack frames</a>
<div class='stack-trace' id='stack-trace192456457'><pre>org.testng.TestNGException: java.util.concurrent.ExecutionException: java.lang.NullPointerException
	at org.testng.internal.PoolService.submitTasksAndWait(PoolService.java:53)
	at org.testng.internal.Invoker.invokeTestMethods(Invoker.java:970)
	at org.testng.internal.TestMethodWorker.invokeTestMethods(TestMethodWorker.java:125)
	at org.testng.internal.TestMethodWorker.run(TestMethodWorker.java:109)
	at java.base/java.util.concurrent.ThreadPoolExecutor.runWorker(ThreadPoolExecutor.java:1128)
	at java.base/java.util.concurrent.ThreadPoolExecutor$Worker.run(ThreadPoolExecutor.java:628)
	at java.base/java.lang.Thread.run(Thread.java:830)
Caused by: java.util.concurrent.ExecutionException: java.lang.NullPointerException
	at java.base/java.util.concurrent.FutureTask.report(FutureTask.java:122)
	at java.base/java.util.concurrent.FutureTask.get(FutureTask.java:191)
	at org.testng.internal.PoolService.submitTasksAndWait(PoolService.java:51)
	... 6 more
Caused by: java.lang.NullPointerException
	at java.base/java.util.Hashtable.put(Hashtable.java:475)
	at com.openmrs.listeners.CustomListener.report(CustomListener.java:160)
	at com.openmrs.listeners.CustomListener.onTestFailure(CustomListener.java:65)
	at org.testng.internal.TestListenerHelper.runTestListeners(TestListenerHelper.java:67)
	at org.testng.internal.Invoker.runTestListeners(Invoker.java:1389)
	at org.testng.internal.Invoker.invokeMethod(Invoker.java:636)
	at org.testng.internal.Invoker.invokeTestMethod(Invoker.java:719)
	at org.testng.internal.TestMethodWithDataProviderMethodWorker.call(TestMethodWithDataProviderMethodWorker.java:71)
	at org.testng.internal.TestMethodWithDataProviderMethodWorker.call(TestMethodWithDataProviderMethodWorker.java:14)
	at java.base/java.util.concurrent.FutureTask.run(FutureTask.java:264)
	at java.base/java.util.concurrent.Executors$RunnableAdapter.call(Executors.java:515)
	at java.base/java.util.concurrent.FutureTask.run(FutureTask.java:264)
	... 3 more
</pre></div></td>
<td>33</td>
<td>com.openmrs.tests.RegisterPatientTest@595b007d</td></tr>
<tr>
<td title='com.openmrs.tests.ServiceTypeTest.T_008_CreateServiceTypes()'><b>T_008_CreateServiceTypes</b><br>Test class: com.openmrs.tests.ServiceTypeTest<br>Test method: Adding Service Type<br>Parameters: {Name=Z Automation Name 3, ExpectedResult=Successful, Runmode=Y, Description=This is an Automation Test 3, Duration=90.0, Browser=Chrome}, public void com.openmrs.tests.ServiceTypeTest.T_008_CreateServiceTypes(java.util.Hashtable,java.lang.reflect.Method,org.testng.ITestContext), org.testng.TestRunner@a011a27</td>
<td><div><pre>java.lang.AssertionError: T_008_CreateServiceTypes :: Unable to create a new Service Type page
	at com.openmrs.tests.BaseTest.reportFailure(BaseTest.java:67)
	at com.openmrs.tests.ServiceTypeTest.T_008_CreateServiceTypes(ServiceTypeTest.java:67)
	at java.base/java.util.concurrent.FutureTask.run(FutureTask.java:264)
	at java.base/java.util.concurrent.Executors$RunnableAdapter.call(Executors.java:515)
	at java.base/java.util.concurrent.FutureTask.run(FutureTask.java:264)
	at java.base/java.util.concurrent.ThreadPoolExecutor.runWorker(ThreadPoolExecutor.java:1128)
	at java.base/java.util.concurrent.ThreadPoolExecutor$Worker.run(ThreadPoolExecutor.java:628)
	at java.base/java.lang.Thread.run(Thread.java:830)
... Removed 10 stack frames</pre></div><a href='#' onClick='toggleBox("stack-trace1979705951", this, "Click to show all stack frames", "Click to hide stack frames")'>Click to show all stack frames</a>
<div class='stack-trace' id='stack-trace1979705951'><pre>java.lang.AssertionError: T_008_CreateServiceTypes :: Unable to create a new Service Type page
	at org.testng.Assert.fail(Assert.java:96)
	at com.openmrs.tests.BaseTest.reportFailure(BaseTest.java:67)
	at com.openmrs.tests.ServiceTypeTest.T_008_CreateServiceTypes(ServiceTypeTest.java:67)
	at java.base/jdk.internal.reflect.NativeMethodAccessorImpl.invoke0(Native Method)
	at java.base/jdk.internal.reflect.NativeMethodAccessorImpl.invoke(NativeMethodAccessorImpl.java:62)
	at java.base/jdk.internal.reflect.DelegatingMethodAccessorImpl.invoke(DelegatingMethodAccessorImpl.java:43)
	at java.base/java.lang.reflect.Method.invoke(Method.java:567)
	at org.testng.internal.MethodInvocationHelper.invokeMethod(MethodInvocationHelper.java:124)
	at org.testng.internal.Invoker.invokeMethod(Invoker.java:583)
	at org.testng.internal.Invoker.invokeTestMethod(Invoker.java:719)
	at org.testng.internal.TestMethodWithDataProviderMethodWorker.call(TestMethodWithDataProviderMethodWorker.java:71)
	at org.testng.internal.TestMethodWithDataProviderMethodWorker.call(TestMethodWithDataProviderMethodWorker.java:14)
	at java.base/java.util.concurrent.FutureTask.run(FutureTask.java:264)
	at java.base/java.util.concurrent.Executors$RunnableAdapter.call(Executors.java:515)
	at java.base/java.util.concurrent.FutureTask.run(FutureTask.java:264)
	at java.base/java.util.concurrent.ThreadPoolExecutor.runWorker(ThreadPoolExecutor.java:1128)
	at java.base/java.util.concurrent.ThreadPoolExecutor$Worker.run(ThreadPoolExecutor.java:628)
	at java.base/java.lang.Thread.run(Thread.java:830)
</pre></div></td>
<td>57</td>
<td>com.openmrs.tests.ServiceTypeTest@2d7275fc</td></tr>
<tr>
<td title='com.openmrs.tests.ServiceTypeTest.T_008_CreateServiceTypes()'><b>T_008_CreateServiceTypes</b><br>Test class: com.openmrs.tests.ServiceTypeTest<br>Test method: Adding Service Type<br>Parameters: {Name=N Automation Name 2, ExpectedResult=Successful, Runmode=Y, Description=This is an Automation Test 2, Duration=60.0, Browser=Chrome}, public void com.openmrs.tests.ServiceTypeTest.T_008_CreateServiceTypes(java.util.Hashtable,java.lang.reflect.Method,org.testng.ITestContext), org.testng.TestRunner@a011a27</td>
<td><div><pre>java.lang.AssertionError: T_008_CreateServiceTypes :: Unable to create a new Service Type page
	at com.openmrs.tests.BaseTest.reportFailure(BaseTest.java:67)
	at com.openmrs.tests.ServiceTypeTest.T_008_CreateServiceTypes(ServiceTypeTest.java:67)
	at java.base/java.util.concurrent.FutureTask.run(FutureTask.java:264)
	at java.base/java.util.concurrent.Executors$RunnableAdapter.call(Executors.java:515)
	at java.base/java.util.concurrent.FutureTask.run(FutureTask.java:264)
	at java.base/java.util.concurrent.ThreadPoolExecutor.runWorker(ThreadPoolExecutor.java:1128)
	at java.base/java.util.concurrent.ThreadPoolExecutor$Worker.run(ThreadPoolExecutor.java:628)
	at java.base/java.lang.Thread.run(Thread.java:830)
... Removed 10 stack frames</pre></div><a href='#' onClick='toggleBox("stack-trace69520375", this, "Click to show all stack frames", "Click to hide stack frames")'>Click to show all stack frames</a>
<div class='stack-trace' id='stack-trace69520375'><pre>java.lang.AssertionError: T_008_CreateServiceTypes :: Unable to create a new Service Type page
	at org.testng.Assert.fail(Assert.java:96)
	at com.openmrs.tests.BaseTest.reportFailure(BaseTest.java:67)
	at com.openmrs.tests.ServiceTypeTest.T_008_CreateServiceTypes(ServiceTypeTest.java:67)
	at java.base/jdk.internal.reflect.NativeMethodAccessorImpl.invoke0(Native Method)
	at java.base/jdk.internal.reflect.NativeMethodAccessorImpl.invoke(NativeMethodAccessorImpl.java:62)
	at java.base/jdk.internal.reflect.DelegatingMethodAccessorImpl.invoke(DelegatingMethodAccessorImpl.java:43)
	at java.base/java.lang.reflect.Method.invoke(Method.java:567)
	at org.testng.internal.MethodInvocationHelper.invokeMethod(MethodInvocationHelper.java:124)
	at org.testng.internal.Invoker.invokeMethod(Invoker.java:583)
	at org.testng.internal.Invoker.invokeTestMethod(Invoker.java:719)
	at org.testng.internal.TestMethodWithDataProviderMethodWorker.call(TestMethodWithDataProviderMethodWorker.java:71)
	at org.testng.internal.TestMethodWithDataProviderMethodWorker.call(TestMethodWithDataProviderMethodWorker.java:14)
	at java.base/java.util.concurrent.FutureTask.run(FutureTask.java:264)
	at java.base/java.util.concurrent.Executors$RunnableAdapter.call(Executors.java:515)
	at java.base/java.util.concurrent.FutureTask.run(FutureTask.java:264)
	at java.base/java.util.concurrent.ThreadPoolExecutor.runWorker(ThreadPoolExecutor.java:1128)
	at java.base/java.util.concurrent.ThreadPoolExecutor$Worker.run(ThreadPoolExecutor.java:628)
	at java.base/java.lang.Thread.run(Thread.java:830)
</pre></div></td>
<td>83</td>
<td>com.openmrs.tests.ServiceTypeTest@2d7275fc</td></tr>
<tr>
<td title='com.openmrs.tests.ServiceTypeTest.T_008_CreateServiceTypes()'><b>T_008_CreateServiceTypes</b><br>Test class: com.openmrs.tests.ServiceTypeTest<br>Test method: Adding Service Type<br>Parameters: {Name=Automation Name 1, ExpectedResult=Successful, Runmode=Y, Description=This is an Automation Test 1, Duration=30.0, Browser=Chrome}, public void com.openmrs.tests.ServiceTypeTest.T_008_CreateServiceTypes(java.util.Hashtable,java.lang.reflect.Method,org.testng.ITestContext), org.testng.TestRunner@a011a27</td>
<td><div><pre>java.lang.AssertionError: T_008_CreateServiceTypes :: Unable to create a new Service Type page
	at com.openmrs.tests.BaseTest.reportFailure(BaseTest.java:67)
	at com.openmrs.tests.ServiceTypeTest.T_008_CreateServiceTypes(ServiceTypeTest.java:67)
	at java.base/java.util.concurrent.FutureTask.run(FutureTask.java:264)
	at java.base/java.util.concurrent.Executors$RunnableAdapter.call(Executors.java:515)
	at java.base/java.util.concurrent.FutureTask.run(FutureTask.java:264)
	at java.base/java.util.concurrent.ThreadPoolExecutor.runWorker(ThreadPoolExecutor.java:1128)
	at java.base/java.util.concurrent.ThreadPoolExecutor$Worker.run(ThreadPoolExecutor.java:628)
	at java.base/java.lang.Thread.run(Thread.java:830)
... Removed 10 stack frames</pre></div><a href='#' onClick='toggleBox("stack-trace1424266956", this, "Click to show all stack frames", "Click to hide stack frames")'>Click to show all stack frames</a>
<div class='stack-trace' id='stack-trace1424266956'><pre>java.lang.AssertionError: T_008_CreateServiceTypes :: Unable to create a new Service Type page
	at org.testng.Assert.fail(Assert.java:96)
	at com.openmrs.tests.BaseTest.reportFailure(BaseTest.java:67)
	at com.openmrs.tests.ServiceTypeTest.T_008_CreateServiceTypes(ServiceTypeTest.java:67)
	at java.base/jdk.internal.reflect.NativeMethodAccessorImpl.invoke0(Native Method)
	at java.base/jdk.internal.reflect.NativeMethodAccessorImpl.invoke(NativeMethodAccessorImpl.java:62)
	at java.base/jdk.internal.reflect.DelegatingMethodAccessorImpl.invoke(DelegatingMethodAccessorImpl.java:43)
	at java.base/java.lang.reflect.Method.invoke(Method.java:567)
	at org.testng.internal.MethodInvocationHelper.invokeMethod(MethodInvocationHelper.java:124)
	at org.testng.internal.Invoker.invokeMethod(Invoker.java:583)
	at org.testng.internal.Invoker.invokeTestMethod(Invoker.java:719)
	at org.testng.internal.TestMethodWithDataProviderMethodWorker.call(TestMethodWithDataProviderMethodWorker.java:71)
	at org.testng.internal.TestMethodWithDataProviderMethodWorker.call(TestMethodWithDataProviderMethodWorker.java:14)
	at java.base/java.util.concurrent.FutureTask.run(FutureTask.java:264)
	at java.base/java.util.concurrent.Executors$RunnableAdapter.call(Executors.java:515)
	at java.base/java.util.concurrent.FutureTask.run(FutureTask.java:264)
	at java.base/java.util.concurrent.ThreadPoolExecutor.runWorker(ThreadPoolExecutor.java:1128)
	at java.base/java.util.concurrent.ThreadPoolExecutor$Worker.run(ThreadPoolExecutor.java:628)
	at java.base/java.lang.Thread.run(Thread.java:830)
</pre></div></td>
<td>102</td>
<td>com.openmrs.tests.ServiceTypeTest@2d7275fc</td></tr>
<tr>
<td title='com.openmrs.tests.ServiceTypeTest.T_009_VerifyServiceTypes()'><b>T_009_VerifyServiceTypes</b><br>Test class: com.openmrs.tests.ServiceTypeTest<br>Test method: Verifying Service Type<br>Parameters: {Name=N Automation Name 2, ExpectedResult=Successful, Runmode=Y, Description=This is an Automation Test 2, Duration=60.0, Browser=Chrome}, public void com.openmrs.tests.ServiceTypeTest.T_009_VerifyServiceTypes(java.util.Hashtable,java.lang.reflect.Method,org.testng.ITestContext), org.testng.TestRunner@a011a27</td>
<td><div><pre>org.openqa.selenium.StaleElementReferenceException: stale element reference: element is not attached to the page document
  (Session info: chrome=81.0.4044.129)
For documentation on this error, please visit: https://www.seleniumhq.org/exceptions/stale_element_reference.html
Build info: version: &apos;3.141.59&apos;, revision: &apos;e82be7d358&apos;, time: &apos;2018-11-14T08:17:03&apos;
System info: host: &apos;DESKTOP-95QGOG2&apos;, ip: &apos;192.168.1.4&apos;, os.name: &apos;Windows 10&apos;, os.arch: &apos;amd64&apos;, os.version: &apos;10.0&apos;, java.version: &apos;13.0.1&apos;
Driver info: org.openqa.selenium.chrome.ChromeDriver
Capabilities {acceptInsecureCerts: false, browserName: chrome, browserVersion: 81.0.4044.129, chrome: {chromedriverVersion: 81.0.4044.69 (6813546031a4b..., userDataDir: C:\Users\Murtaza\AppData\Lo...}, goog:chromeOptions: {debuggerAddress: localhost:62429}, javascriptEnabled: true, networkConnectionEnabled: false, pageLoadStrategy: normal, platform: WINDOWS, platformName: WINDOWS, proxy: Proxy(), setWindowRect: true, strictFileInteractability: false, timeouts: {implicit: 0, pageLoad: 300000, script: 30000}, unhandledPromptBehavior: dismiss and notify, webauthn:virtualAuthenticators: true}
Session ID: 642162bf63c61e38d6c759fc0baf7901
	at org.openqa.selenium.remote.http.W3CHttpResponseCodec.createException(W3CHttpResponseCodec.java:187)
	at org.openqa.selenium.remote.http.W3CHttpResponseCodec.decode(W3CHttpResponseCodec.java:122)
	at org.openqa.selenium.remote.http.W3CHttpResponseCodec.decode(W3CHttpResponseCodec.java:49)
	at org.openqa.selenium.remote.HttpCommandExecutor.execute(HttpCommandExecutor.java:164)
	at org.openqa.selenium.remote.service.DriverCommandExecutor.execute(DriverCommandExecutor.java:83)
	at org.openqa.selenium.remote.RemoteWebDriver.execute(RemoteWebDriver.java:601)
	at org.openqa.selenium.remote.RemoteWebElement.execute(RemoteWebElement.java:279)
	at org.openqa.selenium.remote.RemoteWebElement.click(RemoteWebElement.java:83)
	at org.openqa.selenium.support.pagefactory.internal.LocatingElementHandler.invoke(LocatingElementHandler.java:51)
	at com.sun.proxy.$Proxy15.click(Unknown Source)
	at com.openmrs.pages.BasePage.click(BasePage.java:43)
	at com.openmrs.pages.Page_ManageServiceType.checkIfServiceTypeExist(Page_ManageServiceType.java:60)
	at com.openmrs.tests.ServiceTypeTest.T_009_VerifyServiceTypes(ServiceTypeTest.java:109)
	at java.base/java.util.concurrent.FutureTask.run(FutureTask.java:264)
	at java.base/java.util.concurrent.Executors$RunnableAdapter.call(Executors.java:515)
	at java.base/java.util.concurrent.FutureTask.run(FutureTask.java:264)
	at java.base/java.util.concurrent.ThreadPoolExecutor.runWorker(ThreadPoolExecutor.java:1128)
	at java.base/java.util.concurrent.ThreadPoolExecutor$Worker.run(ThreadPoolExecutor.java:628)
	at java.base/java.lang.Thread.run(Thread.java:830)
... Removed 17 stack frames</pre></div><a href='#' onClick='toggleBox("stack-trace1551217673", this, "Click to show all stack frames", "Click to hide stack frames")'>Click to show all stack frames</a>
<div class='stack-trace' id='stack-trace1551217673'><pre>org.openqa.selenium.StaleElementReferenceException: stale element reference: element is not attached to the page document
  (Session info: chrome=81.0.4044.129)
For documentation on this error, please visit: https://www.seleniumhq.org/exceptions/stale_element_reference.html
Build info: version: &apos;3.141.59&apos;, revision: &apos;e82be7d358&apos;, time: &apos;2018-11-14T08:17:03&apos;
System info: host: &apos;DESKTOP-95QGOG2&apos;, ip: &apos;192.168.1.4&apos;, os.name: &apos;Windows 10&apos;, os.arch: &apos;amd64&apos;, os.version: &apos;10.0&apos;, java.version: &apos;13.0.1&apos;
Driver info: org.openqa.selenium.chrome.ChromeDriver
Capabilities {acceptInsecureCerts: false, browserName: chrome, browserVersion: 81.0.4044.129, chrome: {chromedriverVersion: 81.0.4044.69 (6813546031a4b..., userDataDir: C:\Users\Murtaza\AppData\Lo...}, goog:chromeOptions: {debuggerAddress: localhost:62429}, javascriptEnabled: true, networkConnectionEnabled: false, pageLoadStrategy: normal, platform: WINDOWS, platformName: WINDOWS, proxy: Proxy(), setWindowRect: true, strictFileInteractability: false, timeouts: {implicit: 0, pageLoad: 300000, script: 30000}, unhandledPromptBehavior: dismiss and notify, webauthn:virtualAuthenticators: true}
Session ID: 642162bf63c61e38d6c759fc0baf7901
	at java.base/jdk.internal.reflect.NativeConstructorAccessorImpl.newInstance0(Native Method)
	at java.base/jdk.internal.reflect.NativeConstructorAccessorImpl.newInstance(NativeConstructorAccessorImpl.java:62)
	at java.base/jdk.internal.reflect.DelegatingConstructorAccessorImpl.newInstance(DelegatingConstructorAccessorImpl.java:45)
	at java.base/java.lang.reflect.Constructor.newInstanceWithCaller(Constructor.java:500)
	at java.base/java.lang.reflect.Constructor.newInstance(Constructor.java:481)
	at org.openqa.selenium.remote.http.W3CHttpResponseCodec.createException(W3CHttpResponseCodec.java:187)
	at org.openqa.selenium.remote.http.W3CHttpResponseCodec.decode(W3CHttpResponseCodec.java:122)
	at org.openqa.selenium.remote.http.W3CHttpResponseCodec.decode(W3CHttpResponseCodec.java:49)
	at org.openqa.selenium.remote.HttpCommandExecutor.execute(HttpCommandExecutor.java:164)
	at org.openqa.selenium.remote.service.DriverCommandExecutor.execute(DriverCommandExecutor.java:83)
	at org.openqa.selenium.remote.RemoteWebDriver.execute(RemoteWebDriver.java:601)
	at org.openqa.selenium.remote.RemoteWebElement.execute(RemoteWebElement.java:279)
	at org.openqa.selenium.remote.RemoteWebElement.click(RemoteWebElement.java:83)
	at jdk.internal.reflect.GeneratedMethodAccessor14.invoke(Unknown Source)
	at java.base/jdk.internal.reflect.DelegatingMethodAccessorImpl.invoke(DelegatingMethodAccessorImpl.java:43)
	at java.base/java.lang.reflect.Method.invoke(Method.java:567)
	at org.openqa.selenium.support.pagefactory.internal.LocatingElementHandler.invoke(LocatingElementHandler.java:51)
	at com.sun.proxy.$Proxy15.click(Unknown Source)
	at com.openmrs.pages.BasePage.click(BasePage.java:43)
	at com.openmrs.pages.Page_ManageServiceType.checkIfServiceTypeExist(Page_ManageServiceType.java:60)
	at com.openmrs.tests.ServiceTypeTest.T_009_VerifyServiceTypes(ServiceTypeTest.java:109)
	at java.base/jdk.internal.reflect.NativeMethodAccessorImpl.invoke0(Native Method)
	at java.base/jdk.internal.reflect.NativeMethodAccessorImpl.invoke(NativeMethodAccessorImpl.java:62)
	at java.base/jdk.internal.reflect.DelegatingMethodAccessorImpl.invoke(DelegatingMethodAccessorImpl.java:43)
	at java.base/java.lang.reflect.Method.invoke(Method.java:567)
	at org.testng.internal.MethodInvocationHelper.invokeMethod(MethodInvocationHelper.java:124)
	at org.testng.internal.Invoker.invokeMethod(Invoker.java:583)
	at org.testng.internal.Invoker.invokeTestMethod(Invoker.java:719)
	at org.testng.internal.TestMethodWithDataProviderMethodWorker.call(TestMethodWithDataProviderMethodWorker.java:71)
	at org.testng.internal.TestMethodWithDataProviderMethodWorker.call(TestMethodWithDataProviderMethodWorker.java:14)
	at java.base/java.util.concurrent.FutureTask.run(FutureTask.java:264)
	at java.base/java.util.concurrent.Executors$RunnableAdapter.call(Executors.java:515)
	at java.base/java.util.concurrent.FutureTask.run(FutureTask.java:264)
	at java.base/java.util.concurrent.ThreadPoolExecutor.runWorker(ThreadPoolExecutor.java:1128)
	at java.base/java.util.concurrent.ThreadPoolExecutor$Worker.run(ThreadPoolExecutor.java:628)
	at java.base/java.lang.Thread.run(Thread.java:830)
</pre></div></td>
<td>262</td>
<td>com.openmrs.tests.ServiceTypeTest@2d7275fc</td></tr>
</table><p>
<table width='100%' border='1' class='invocation-passed'>
<tr><td colspan='4' align='center'><b>PASSED TESTS</b></td></tr>
<tr><td><b>Test method</b></td>
<td width="30%"><b>Exception</b></td>
<td width="10%"><b>Time (seconds)</b></td>
<td><b>Instance</b></td>
</tr>
<tr>
<td title='com.openmrs.tests.LoginTest.T_001_LoginTest()'><b>T_001_LoginTest</b><br>Test class: com.openmrs.tests.LoginTest<br>Test method: Testing Login scenario<br>Parameters: {Username=admin, ExpectedResult=Successful, Password=Admin123, Runmode=Y, Browser=Chrome}, public void com.openmrs.tests.LoginTest.T_001_LoginTest(java.util.Hashtable,java.lang.reflect.Method)</td>
<td></td>
<td>36</td>
<td>com.openmrs.tests.LoginTest@5158b42f</td></tr>
<tr>
<td title='com.openmrs.tests.LoginTest.T_002_LogoutTest()'><b>T_002_LogoutTest</b><br>Test class: com.openmrs.tests.LoginTest<br>Test method: Testing Logout scenario<br>Parameters: {Username=admin, ExpectedResult=Successful, Password=Admin123, Runmode=Y, Browser=Chrome}, public void com.openmrs.tests.LoginTest.T_002_LogoutTest(java.util.Hashtable,java.lang.reflect.Method)</td>
<td></td>
<td>46</td>
<td>com.openmrs.tests.LoginTest@5158b42f</td></tr>
<tr>
<td title='com.openmrs.tests.RegisterPatientTest.T_003_RegisterNewPatient()'><b>T_003_RegisterNewPatient</b><br>Test class: com.openmrs.tests.RegisterPatientTest<br>Test method: Register a patient<br>Parameters: {Year=1996.0, FamilyName=User, Runmode=Y, Month=June, Address=India, GivenName=Automation, ExpectedResult=Successful, Day=30.0, Gender=Male, Browser=Chrome}, public void com.openmrs.tests.RegisterPatientTest.T_003_RegisterNewPatient(java.util.Hashtable,java.lang.reflect.Method,org.testng.ITestContext), org.testng.TestRunner@a011a27</td>
<td></td>
<td>89</td>
<td>com.openmrs.tests.RegisterPatientTest@595b007d</td></tr>
<tr>
<td title='com.openmrs.tests.CaptureVitalsTest.T_006_CreateAVisitAndCaptureVitals()'><b>T_006_CreateAVisitAndCaptureVitals</b><br>Test class: com.openmrs.tests.CaptureVitalsTest<br>Test method: Create a visit and capture vitals<br>Parameters: {Diastolic=80.0, Height=172.0, Runmode=Y, ExpectedBMI=22.0, Systolic=120.0, Pulse=90.0, Weight=65.0, ExpectedResult=Successful, Browser=Chrome, Temperature=35.3}, public void com.openmrs.tests.CaptureVitalsTest.T_006_CreateAVisitAndCaptureVitals(java.util.Hashtable,java.lang.reflect.Method,org.testng.ITestContext), org.testng.TestRunner@a011a27</td>
<td></td>
<td>120</td>
<td>com.openmrs.tests.CaptureVitalsTest@72d1ad2e</td></tr>
<tr>
<td title='com.openmrs.tests.CaptureVitalsTest.T_007_VerifyVitals()'><b>T_007_VerifyVitals</b><br>Test class: com.openmrs.tests.CaptureVitalsTest<br>Test method: Verify Vitals<br>Parameters: {Diastolic=80.0, Height=172.0, Runmode=Y, ExpectedBMI=22.0, Systolic=120.0, Pulse=90.0, Weight=65.0, ExpectedResult=Successful, Browser=Chrome, Temperature=35.3}, public void com.openmrs.tests.CaptureVitalsTest.T_007_VerifyVitals(java.util.Hashtable,java.lang.reflect.Method,org.testng.ITestContext), org.testng.TestRunner@a011a27</td>
<td></td>
<td>76</td>
<td>com.openmrs.tests.CaptureVitalsTest@72d1ad2e</td></tr>
<tr>
<td title='com.openmrs.tests.ServiceTypeTest.T_009_VerifyServiceTypes()'><b>T_009_VerifyServiceTypes</b><br>Test class: com.openmrs.tests.ServiceTypeTest<br>Test method: Verifying Service Type<br>Parameters: {Name=Automation Name 1, ExpectedResult=Successful, Runmode=Y, Description=This is an Automation Test 1, Duration=30.0, Browser=Chrome}, public void com.openmrs.tests.ServiceTypeTest.T_009_VerifyServiceTypes(java.util.Hashtable,java.lang.reflect.Method,org.testng.ITestContext), org.testng.TestRunner@a011a27</td>
<td></td>
<td>60</td>
<td>com.openmrs.tests.ServiceTypeTest@2d7275fc</td></tr>
<tr>
<td title='com.openmrs.tests.ServiceTypeTest.T_009_VerifyServiceTypes()'><b>T_009_VerifyServiceTypes</b><br>Test class: com.openmrs.tests.ServiceTypeTest<br>Test method: Verifying Service Type<br>Parameters: {Name=Z Automation Name 3, ExpectedResult=Successful, Runmode=Y, Description=This is an Automation Test 3, Duration=90.0, Browser=Chrome}, public void com.openmrs.tests.ServiceTypeTest.T_009_VerifyServiceTypes(java.util.Hashtable,java.lang.reflect.Method,org.testng.ITestContext), org.testng.TestRunner@a011a27</td>
<td></td>
<td>64</td>
<td>com.openmrs.tests.ServiceTypeTest@2d7275fc</td></tr>
</table><p>
</body>
</html>